{
  "RSpec": {
    "coverage": {
      "/Users/macintoshhd/Desktop/Work/Intern-Ruby-kindmate_clone/spec/models/campaign_spec.rb": {
        "lines": [
          1,
          null,
          1,
          6,
          null,
          1,
          1,
          2,
          null,
          1,
          1,
          null,
          null,
          null,
          1,
          2,
          null,
          1,
          1,
          null,
          null,
          null,
          null,
          1,
          1,
          1,
          null,
          null,
          1,
          1,
          null,
          null,
          null,
          1,
          1,
          1,
          1,
          1,
          null,
          null,
          null,
          null
        ]
      },
      "/Users/macintoshhd/Desktop/Work/Intern-Ruby-kindmate_clone/spec/rails_helper.rb": {
        "lines": [
          1,
          1,
          1,
          1,
          null,
          1,
          1,
          1,
          1,
          5,
          null,
          1,
          1,
          null,
          null,
          1,
          null,
          0,
          0,
          null,
          null,
          1,
          1,
          1,
          1,
          1,
          1,
          1,
          null,
          1,
          1,
          null,
          null,
          1,
          1,
          1,
          1,
          null,
          null,
          null,
          1,
          1,
          1,
          1,
          null
        ]
      },
      "/Users/macintoshhd/Desktop/Work/Intern-Ruby-kindmate_clone/config/environment.rb": {
        "lines": [
          null,
          1,
          null,
          null,
          1
        ]
      },
      "/Users/macintoshhd/Desktop/Work/Intern-Ruby-kindmate_clone/config/application.rb": {
        "lines": [
          1,
          null,
          1,
          null,
          null,
          null,
          1,
          null,
          1,
          1,
          null,
          1,
          null,
          null,
          1,
          1,
          1,
          1,
          null,
          null,
          1,
          null,
          null,
          null,
          null,
          null,
          null,
          null
        ]
      },
      "/Users/macintoshhd/Desktop/Work/Intern-Ruby-kindmate_clone/config/boot.rb": {
        "lines": [
          1,
          null,
          1,
          1
        ]
      },
      "/Users/macintoshhd/Desktop/Work/Intern-Ruby-kindmate_clone/config/initializers/config.rb": {
        "lines": [
          1,
          null,
          0,
          null,
          null,
          null,
          null,
          null,
          null,
          null,
          null,
          null,
          null,
          null,
          null,
          null,
          null,
          null,
          null,
          null,
          null,
          null,
          null,
          null,
          null,
          null,
          null,
          null,
          0,
          null,
          null,
          null,
          null,
          null,
          null,
          null,
          null,
          null,
          null,
          null,
          null,
          null,
          null,
          null,
          null,
          null,
          null,
          null,
          null,
          null,
          null,
          null,
          null,
          null,
          null
        ]
      },
      "/Users/macintoshhd/Desktop/Work/Intern-Ruby-kindmate_clone/config/environments/test.rb": {
        "lines": [
          null,
          null,
          null,
          null,
          null,
          1,
          null,
          null,
          1,
          1,
          null,
          null,
          null,
          null,
          1,
          null,
          null,
          1,
          1,
          null,
          null,
          null,
          null,
          1,
          1,
          1,
          null,
          null,
          1,
          1,
          1,
          null,
          null,
          1,
          null,
          null,
          1,
          null,
          null,
          1,
          null,
          1,
          null,
          null,
          null,
          null,
          1,
          null,
          null,
          1,
          null,
          null,
          null,
          null
        ]
      },
      "/Users/macintoshhd/Desktop/Work/Intern-Ruby-kindmate_clone/config/initializers/apexcharts.rb": {
        "lines": [
          1,
          null,
          1,
          null,
          null,
          null
        ]
      },
      "/Users/macintoshhd/Desktop/Work/Intern-Ruby-kindmate_clone/config/initializers/application_controller_renderer.rb": {
        "lines": [
          null,
          null,
          null,
          null,
          null,
          null,
          null,
          null
        ]
      },
      "/Users/macintoshhd/Desktop/Work/Intern-Ruby-kindmate_clone/config/initializers/assets.rb": {
        "lines": [
          null,
          null,
          null,
          1,
          null,
          null,
          null,
          null,
          1,
          null,
          1,
          1,
          null,
          1,
          null,
          null,
          null,
          null,
          null
        ]
      },
      "/Users/macintoshhd/Desktop/Work/Intern-Ruby-kindmate_clone/config/initializers/backtrace_silencers.rb": {
        "lines": [
          null,
          null,
          null,
          null,
          null,
          null,
          null
        ]
      },
      "/Users/macintoshhd/Desktop/Work/Intern-Ruby-kindmate_clone/config/initializers/ckeditor.rb": {
        "lines": [
          null,
          null,
          null,
          1,
          null,
          null,
          null,
          null,
          1,
          null,
          null,
          null,
          null,
          null,
          null,
          null,
          null,
          null,
          null,
          null,
          null,
          null,
          null,
          null,
          null,
          null,
          null,
          null,
          null,
          null,
          null,
          null,
          null,
          null,
          null,
          null,
          null,
          null,
          null,
          null,
          null,
          null,
          null,
          null,
          null,
          null,
          null,
          null,
          1,
          null,
          null,
          null,
          null,
          null,
          null
        ]
      },
      "/Users/macintoshhd/Desktop/Work/Intern-Ruby-kindmate_clone/config/initializers/content_security_policy.rb": {
        "lines": [
          null,
          null,
          null,
          null,
          null,
          null,
          null,
          null,
          null,
          null,
          null,
          null,
          null,
          null,
          null,
          null,
          null,
          null,
          null,
          null,
          null,
          null,
          null,
          null,
          null,
          null,
          null,
          null,
          null,
          null
        ]
      },
      "/Users/macintoshhd/Desktop/Work/Intern-Ruby-kindmate_clone/config/initializers/cookies_serializer.rb": {
        "lines": [
          null,
          null,
          null,
          null,
          1
        ]
      },
      "/Users/macintoshhd/Desktop/Work/Intern-Ruby-kindmate_clone/config/initializers/devise.rb": {
        "lines": [
          null,
          null,
          null,
          null,
          null,
          null,
          null,
          null,
          null,
          null,
          1,
          null,
          null,
          null,
          null,
          null,
          null,
          null,
          null,
          null,
          null,
          null,
          null,
          null,
          null,
          null,
          1,
          null,
          null,
          null,
          null,
          null,
          null,
          null,
          null,
          null,
          null,
          null,
          1,
          null,
          null,
          null,
          null,
          null,
          null,
          null,
          null,
          null,
          null,
          null,
          null,
          null,
          null,
          null,
          null,
          null,
          null,
          null,
          null,
          null,
          1,
          null,
          null,
          null,
          null,
          1,
          null,
          null,
          null,
          null,
          null,
          null,
          null,
          null,
          null,
          null,
          null,
          null,
          null,
          null,
          null,
          null,
          null,
          null,
          null,
          null,
          null,
          null,
          null,
          null,
          null,
          null,
          null,
          null,
          null,
          null,
          null,
          null,
          null,
          1,
          null,
          null,
          null,
          null,
          null,
          null,
          null,
          null,
          null,
          null,
          null,
          null,
          null,
          null,
          null,
          null,
          null,
          null,
          null,
          null,
          null,
          null,
          null,
          null,
          null,
          1,
          null,
          null,
          null,
          null,
          null,
          null,
          null,
          null,
          null,
          null,
          null,
          null,
          null,
          null,
          null,
          null,
          null,
          null,
          null,
          null,
          null,
          null,
          null,
          null,
          null,
          null,
          null,
          null,
          null,
          null,
          null,
          null,
          null,
          1,
          null,
          null,
          null,
          null,
          null,
          null,
          null,
          null,
          null,
          1,
          null,
          null,
          null,
          null,
          null,
          null,
          null,
          null,
          null,
          null,
          1,
          null,
          null,
          null,
          null,
          1,
          null,
          null,
          null,
          null,
          null,
          null,
          null,
          null,
          null,
          null,
          null,
          null,
          null,
          null,
          null,
          null,
          null,
          null,
          null,
          null,
          null,
          null,
          null,
          null,
          null,
          null,
          null,
          null,
          null,
          null,
          null,
          null,
          null,
          null,
          null,
          null,
          null,
          null,
          null,
          null,
          1,
          null,
          null,
          null,
          null,
          null,
          null,
          null,
          null,
          null,
          null,
          null,
          null,
          null,
          null,
          null,
          null,
          null,
          null,
          null,
          1,
          null,
          null,
          null,
          null,
          null,
          null,
          null,
          null,
          null,
          null,
          null,
          null,
          null,
          null,
          null,
          null,
          null,
          null,
          null,
          null,
          null,
          1,
          null,
          null,
          null,
          null,
          null,
          null,
          null,
          null,
          null,
          null,
          null,
          null,
          null,
          null,
          null,
          null,
          null,
          null,
          null,
          null,
          null,
          null,
          null,
          null,
          null,
          null,
          null,
          null,
          null,
          null,
          null,
          null,
          null,
          null,
          null,
          null,
          null,
          null,
          null,
          null,
          null,
          null
        ]
      },
      "/Users/macintoshhd/Desktop/Work/Intern-Ruby-kindmate_clone/config/initializers/filter_parameter_logging.rb": {
        "lines": [
          null,
          null,
          null,
          1
        ]
      },
      "/Users/macintoshhd/Desktop/Work/Intern-Ruby-kindmate_clone/config/initializers/inflections.rb": {
        "lines": [
          null,
          null,
          null,
          null,
          null,
          null,
          null,
          null,
          null,
          null,
          null,
          null,
          null,
          null,
          null,
          null
        ]
      },
      "/Users/macintoshhd/Desktop/Work/Intern-Ruby-kindmate_clone/config/initializers/kaminari_config.rb": {
        "lines": [
          null,
          null,
          1,
          null,
          null,
          null,
          null,
          null,
          null,
          null,
          null,
          null,
          null,
          null
        ]
      },
      "/Users/macintoshhd/Desktop/Work/Intern-Ruby-kindmate_clone/config/initializers/mime_types.rb": {
        "lines": [
          null,
          null,
          null,
          null
        ]
      },
      "/Users/macintoshhd/Desktop/Work/Intern-Ruby-kindmate_clone/config/initializers/rolify.rb": {
        "lines": [
          1,
          null,
          null,
          null,
          null,
          null,
          null,
          null,
          null,
          null
        ]
      },
      "/Users/macintoshhd/Desktop/Work/Intern-Ruby-kindmate_clone/config/initializers/sidekiq.rb": {
        "lines": [
          1,
          0,
          null,
          null,
          1,
          1,
          null
        ]
      },
      "/Users/macintoshhd/Desktop/Work/Intern-Ruby-kindmate_clone/config/initializers/wrap_parameters.rb": {
        "lines": [
          null,
          null,
          null,
          null,
          null,
          null,
          1,
          2,
          null,
          null,
          null,
          null,
          null,
          null
        ]
      },
      "/Users/macintoshhd/Desktop/Work/Intern-Ruby-kindmate_clone/spec/factories/campaigns.rb": {
        "lines": [
          1,
          1,
          515,
          515,
          515,
          515,
          515,
          515,
          null,
          null
        ]
      },
      "/Users/macintoshhd/Desktop/Work/Intern-Ruby-kindmate_clone/spec/factories/comments.rb": {
        "lines": [
          1,
          1,
          3,
          null,
          null
        ]
      },
      "/Users/macintoshhd/Desktop/Work/Intern-Ruby-kindmate_clone/spec/factories/donations.rb": {
        "lines": [
          1,
          1,
          3,
          3,
          null,
          null
        ]
      },
      "/Users/macintoshhd/Desktop/Work/Intern-Ruby-kindmate_clone/spec/factories/roles.rb": {
        "lines": [
          1,
          1,
          null,
          null,
          null
        ]
      },
      "/Users/macintoshhd/Desktop/Work/Intern-Ruby-kindmate_clone/spec/factories/users.rb": {
        "lines": [
          1,
          1,
          79,
          85,
          85,
          85,
          85,
          null,
          1,
          1,
          1,
          null,
          null,
          1,
          45,
          477,
          null,
          null,
          null,
          null,
          null
        ]
      },
      "/Users/macintoshhd/Desktop/Work/Intern-Ruby-kindmate_clone/config/routes.rb": {
        "lines": [
          1,
          1,
          1,
          null,
          1,
          1,
          1,
          1,
          null,
          1,
          1,
          1,
          1,
          null,
          1,
          1,
          1,
          null,
          1,
          1,
          1,
          1,
          1,
          null,
          null,
          1,
          1,
          1,
          1,
          1,
          null,
          1,
          null,
          1,
          1,
          1,
          1,
          null,
          null,
          1,
          null,
          1,
          1,
          null,
          null,
          1,
          null
        ]
      },
      "/Users/macintoshhd/Desktop/Work/Intern-Ruby-kindmate_clone/app/models/user.rb": {
        "lines": [
          1,
          null,
          1,
          null,
          null,
          null,
          null,
          null,
          null,
          null,
          null,
          null,
          null,
          1,
          null,
          1,
          null,
          null,
          null,
          1,
          null,
          1,
          1,
          1,
          null,
          1,
          null,
          1,
          1,
          null,
          1,
          1,
          null,
          1,
          null,
          1,
          null,
          1,
          null,
          1,
          88,
          null,
          null,
          1,
          132,
          null,
          null,
          1,
          58,
          null,
          null
        ]
      },
      "/Users/macintoshhd/Desktop/Work/Intern-Ruby-kindmate_clone/app/models/application_record.rb": {
        "lines": [
          1,
          1,
          null,
          1,
          0,
          null,
          0,
          null,
          null,
          1,
          0,
          null,
          0,
          null,
          null
        ]
      },
      "/Users/macintoshhd/Desktop/Work/Intern-Ruby-kindmate_clone/app/helpers/application_helper.rb": {
        "lines": [
          1,
          1,
          0,
          0,
          null,
          null,
          1,
          0,
          null,
          null,
          1,
          0,
          null,
          null,
          1,
          0,
          null,
          null,
          1,
          0,
          0,
          0,
          0,
          null,
          0,
          null,
          null,
          null,
          null,
          0,
          null,
          null,
          null
        ]
      },
      "/Users/macintoshhd/Desktop/Work/Intern-Ruby-kindmate_clone/app/helpers/campaigns_helper.rb": {
        "lines": [
          1,
          null,
          1,
          null,
          null,
          null,
          null,
          1,
          0,
          0,
          null,
          0,
          null,
          null,
          1,
          0,
          0,
          null,
          null,
          null,
          null,
          0,
          0,
          null,
          null,
          null,
          null,
          null,
          null,
          1,
          0,
          null,
          0,
          0,
          null,
          0,
          0,
          null,
          0,
          null,
          null,
          0,
          null,
          null,
          null,
          null,
          null,
          null,
          null,
          1,
          null,
          0,
          null,
          null,
          null,
          null,
          1,
          0,
          null,
          0,
          null,
          null,
          null,
          null,
          null
        ]
      },
      "/Users/macintoshhd/Desktop/Work/Intern-Ruby-kindmate_clone/app/helpers/donations_helper.rb": {
        "lines": [
          1,
          1,
          0,
          null,
          null,
          1,
          0,
          0,
          0,
          null,
          null
        ]
      },
      "/Users/macintoshhd/Desktop/Work/Intern-Ruby-kindmate_clone/app/helpers/sessions_helper.rb": {
        "lines": [
          1,
          1,
          0,
          null,
          null,
          1,
          0,
          null,
          null,
          1,
          0,
          null,
          null,
          1,
          26,
          null,
          null,
          1,
          0,
          0,
          null,
          null,
          1,
          0,
          null,
          null
        ]
      },
      "/Users/macintoshhd/Desktop/Work/Intern-Ruby-kindmate_clone/app/helpers/users_helper.rb": {
        "lines": [
          1,
          1,
          0,
          0,
          null,
          0,
          null,
          null,
          1,
          0,
          0,
          null,
          0,
          0,
          0,
          null,
          null,
          0,
          null,
          null,
          null,
          null,
          null,
          null,
          null,
          1,
          0,
          0,
          null,
          0,
          null,
          null,
          null,
          1,
          0,
          null,
          null,
          null,
          null,
          null,
          null,
          null,
          null
        ]
      },
      "/Users/macintoshhd/Desktop/Work/Intern-Ruby-kindmate_clone/spec/support/controller_macros.rb": {
        "lines": [
          1,
          1,
          26,
          26,
          26,
          26,
          26,
          null,
          null
        ]
      },
      "/Users/macintoshhd/Desktop/Work/Intern-Ruby-kindmate_clone/spec/support/database_cleaner.rb": {
        "lines": [
          1,
          1,
          1,
          null,
          null,
          1,
          65,
          null,
          null,
          1,
          0,
          null,
          null,
          1,
          65,
          null,
          null,
          1,
          65,
          null,
          null
        ]
      },
      "/Users/macintoshhd/Desktop/Work/Intern-Ruby-kindmate_clone/spec/support/shared_examples/shared_examples_campaign_spec.rb": {
        "lines": [
          1,
          0,
          0,
          null,
          null,
          null,
          null,
          null,
          null,
          0,
          null,
          null,
          null,
          null,
          null,
          null,
          0,
          null,
          null,
          null,
          null,
          null,
          null,
          0,
          null,
          null,
          null,
          null,
          null,
          null,
          null,
          null
        ]
      },
      "/Users/macintoshhd/Desktop/Work/Intern-Ruby-kindmate_clone/spec/support/shared_examples/shared_examples_user_spec.rb": {
        "lines": [
          1,
          0,
          0,
          null,
          null,
          null,
          null,
          null,
          null,
          null,
          null,
          0,
          null,
          null,
          null,
          null,
          null,
          null,
          null,
          null,
          0,
          null,
          null,
          null,
          null,
          null,
          null,
          null,
          null,
          0,
          null,
          null,
          null,
          null,
          null,
          null,
          null,
          null,
          null,
          null
        ]
      },
      "/Users/macintoshhd/Desktop/Work/Intern-Ruby-kindmate_clone/app/models/campaign.rb": {
        "lines": [
          1,
          null,
          1,
          null,
          null,
          null,
          null,
          null,
          null,
          null,
          null,
          null,
          1,
          null,
          1,
          1,
          null,
          1,
          null,
          1,
          null,
          1,
          1,
          1,
          1,
          null,
          1,
          null,
          null,
          null,
          1,
          null,
          1,
          1,
          null,
          null,
          null,
          1,
          null,
          null,
          null,
          null,
          1,
          null,
          null,
          null,
          null,
          null,
          null,
          null,
          null,
          null,
          null,
          null,
          null,
          1,
          null,
          1,
          1,
          null,
          13,
          null,
          13,
          null,
          1,
          null,
          1,
          null,
          1,
          0,
          0,
          null,
          null,
          1,
          0,
          null,
          null,
          1,
          null,
          1,
          0,
          null,
          null,
          1,
          524,
          524,
          null,
          null,
          1,
          487,
          null,
          null,
          null,
          null,
          null,
          null,
          1,
          31,
          null,
          null,
          null,
          null,
          null,
          null
        ]
      },
      "/Users/macintoshhd/Desktop/Work/Intern-Ruby-kindmate_clone/app/models/concerns/notifier.rb": {
        "lines": [
          1,
          1,
          null,
          1,
          2,
          null,
          null,
          1,
          518,
          0,
          null,
          null,
          null
        ]
      },
      "/Users/macintoshhd/Desktop/Work/Intern-Ruby-kindmate_clone/spec/models/comment_spec.rb": {
        "lines": [
          1,
          null,
          1,
          1,
          1,
          2,
          2,
          2,
          null,
          1,
          1,
          null,
          null,
          null,
          1,
          2,
          null,
          1,
          1,
          null,
          null,
          null,
          null,
          1,
          1,
          1,
          null,
          null,
          1,
          1,
          null,
          null,
          null
        ]
      },
      "/Users/macintoshhd/Desktop/Work/Intern-Ruby-kindmate_clone/app/models/comment.rb": {
        "lines": [
          1,
          1,
          null,
          1,
          1,
          null,
          1,
          1,
          null,
          1,
          1,
          null,
          1,
          null,
          null,
          null,
          1,
          null,
          8,
          null,
          8,
          null,
          1,
          null,
          1,
          null,
          1,
          1,
          null,
          null,
          null,
          null,
          null,
          null,
          null
        ]
      },
      "/Users/macintoshhd/Desktop/Work/Intern-Ruby-kindmate_clone/spec/models/donation_spec.rb": {
        "lines": [
          1,
          null,
          1,
          7,
          7,
          null,
          1,
          1,
          2,
          null,
          1,
          1,
          null,
          null,
          null,
          1,
          2,
          null,
          1,
          1,
          null,
          null,
          null,
          null,
          1,
          1,
          1,
          null,
          null,
          1,
          1,
          null,
          null,
          null,
          1,
          1,
          1,
          1,
          null,
          null,
          null,
          null,
          1,
          1,
          1,
          null,
          null,
          null
        ]
      },
      "/Users/macintoshhd/Desktop/Work/Intern-Ruby-kindmate_clone/app/models/donation.rb": {
        "lines": [
          1,
          null,
          1,
          null,
          null,
          null,
          null,
          null,
          null,
          1,
          null,
          1,
          1,
          null,
          1,
          1,
          null,
          1,
          1,
          null,
          1,
          null,
          null,
          1,
          null,
          null,
          1,
          null,
          1,
          1,
          null,
          8,
          null,
          1,
          null,
          8,
          null,
          1,
          1,
          null,
          1,
          null,
          null,
          1,
          null,
          1,
          1,
          1,
          null,
          null,
          null,
          1,
          1,
          null,
          null,
          1,
          1,
          null,
          null,
          null,
          null,
          null,
          null,
          null
        ]
      },
      "/Users/macintoshhd/Desktop/Work/Intern-Ruby-kindmate_clone/spec/models/role_spec.rb": {
        "lines": [
          1,
          null,
          1,
          1,
          null
        ]
      },
      "/Users/macintoshhd/Desktop/Work/Intern-Ruby-kindmate_clone/app/models/role.rb": {
        "lines": [
          1,
          1,
          1,
          null,
          1,
          null,
          null,
          null,
          1,
          null
        ]
      },
      "/Users/macintoshhd/Desktop/Work/Intern-Ruby-kindmate_clone/spec/models/user_spec.rb": {
        "lines": [
          1,
          null,
          1,
          7,
          7,
          null,
          1,
          1,
          1,
          1,
          null,
          null,
          null,
          1,
          1,
          1,
          null,
          null,
          null,
          null,
          1,
          1,
          1,
          null,
          null,
          1,
          1,
          null,
          null,
          1,
          1,
          null,
          null,
          null,
          1,
          1,
          1,
          1,
          null,
          null,
          null,
          null
        ]
      },
      "/Users/macintoshhd/Desktop/Work/Intern-Ruby-kindmate_clone/spec/requests/campaign_request_spec.rb": {
        "lines": [
          1,
          null,
          1,
          29,
          29,
          29,
          null,
          29,
          null,
          1,
          1,
          4,
          null,
          1,
          1,
          null,
          null,
          1,
          1,
          null,
          null,
          1,
          1,
          1,
          null,
          null,
          null,
          null,
          null,
          null,
          null,
          null,
          null,
          null,
          1,
          1,
          7,
          null,
          1,
          1,
          null,
          null,
          1,
          1,
          null,
          null,
          1,
          1,
          null,
          null,
          null,
          null,
          null,
          null,
          null,
          null,
          1,
          1,
          null,
          null,
          null,
          null,
          null,
          null,
          null,
          null,
          1,
          1,
          null,
          null,
          null,
          null,
          null,
          null,
          null,
          null,
          1,
          1,
          null,
          null,
          null,
          1,
          3,
          null,
          1,
          1,
          null,
          null,
          1,
          1,
          null,
          null,
          null,
          null,
          null,
          1,
          18,
          null,
          1,
          3,
          null,
          1,
          1,
          null,
          null,
          1,
          1,
          null,
          null,
          null,
          1,
          1,
          3,
          null,
          1,
          1,
          null,
          null,
          1,
          1,
          null,
          null,
          null,
          1,
          3,
          null,
          1,
          1,
          null,
          null,
          1,
          1,
          null,
          null,
          null,
          null,
          1,
          1,
          1,
          2,
          null,
          1,
          1,
          null,
          null,
          null,
          1,
          1,
          3,
          null,
          1,
          1,
          null,
          null,
          1,
          1,
          null,
          null,
          null,
          1,
          3,
          null,
          1,
          1,
          null,
          null,
          1,
          1,
          null,
          null,
          null,
          null,
          1,
          1,
          3,
          null,
          1,
          0,
          null,
          null,
          1,
          0,
          null,
          null,
          null,
          1,
          2,
          null,
          1,
          1,
          null,
          null,
          null,
          null,
          null,
          1,
          2,
          2,
          null,
          1,
          1,
          1,
          null,
          null,
          null,
          null,
          1,
          3,
          null,
          1,
          1,
          null,
          null,
          1,
          1,
          null,
          null,
          null,
          null
        ]
      },
      "/Users/macintoshhd/Desktop/Work/Intern-Ruby-kindmate_clone/app/controllers/campaigns_controller.rb": {
        "lines": [
          1,
          1,
          1,
          null,
          1,
          null,
          1,
          3,
          3,
          null,
          null,
          null,
          null,
          null,
          1,
          2,
          null,
          null,
          1,
          4,
          4,
          null,
          4,
          2,
          2,
          null,
          2,
          2,
          null,
          null,
          null,
          1,
          6,
          6,
          6,
          6,
          null,
          6,
          null,
          null,
          null,
          6,
          null,
          null,
          1,
          null,
          1,
          4,
          2,
          2,
          2,
          null,
          2,
          2,
          null,
          null,
          null,
          1,
          2,
          0,
          null,
          0,
          null,
          null,
          0,
          null,
          null,
          1,
          null,
          1,
          16,
          null,
          null,
          1,
          0,
          0,
          null,
          null,
          1,
          4,
          null,
          null,
          1,
          null,
          6,
          null,
          null,
          null,
          null,
          null,
          null,
          null,
          null,
          null,
          null,
          null,
          null,
          null,
          null
        ]
      },
      "/Users/macintoshhd/Desktop/Work/Intern-Ruby-kindmate_clone/app/controllers/application_controller.rb": {
        "lines": [
          1,
          1,
          1,
          null,
          1,
          1,
          null,
          1,
          0,
          0,
          0,
          0,
          null,
          0,
          null,
          null,
          null,
          1,
          null,
          1,
          0,
          null,
          null,
          1,
          null,
          1,
          15,
          null,
          null,
          1,
          43,
          null,
          null,
          1,
          43,
          43,
          null,
          null,
          1,
          0,
          null,
          0,
          0,
          0,
          null,
          null,
          1,
          43,
          null,
          0,
          0,
          null,
          null,
          1,
          0,
          0,
          null,
          0,
          0,
          null,
          null,
          1,
          0,
          0,
          null,
          0,
          0,
          null,
          null,
          1,
          19,
          19,
          null,
          5,
          5,
          null,
          null
        ]
      },
      "/Users/macintoshhd/Desktop/Work/Intern-Ruby-kindmate_clone/spec/requests/user_request_spec.rb": {
        "lines": [
          1,
          null,
          1,
          15,
          15,
          null,
          1,
          1,
          1,
          3,
          null,
          1,
          1,
          null,
          null,
          1,
          1,
          null,
          null,
          null,
          1,
          3,
          null,
          1,
          0,
          null,
          null,
          1,
          0,
          null,
          null,
          null,
          null,
          null,
          1,
          1,
          9,
          null,
          1,
          3,
          null,
          1,
          1,
          1,
          null,
          null,
          null,
          1,
          1,
          1,
          1,
          1,
          null,
          null,
          1,
          1,
          null,
          null,
          null,
          null,
          1,
          1,
          3,
          null,
          1,
          1,
          null,
          null,
          1,
          1,
          null,
          null,
          null,
          1,
          3,
          null,
          1,
          1,
          null,
          null,
          1,
          1,
          null,
          null,
          null,
          null,
          1,
          1,
          3,
          null,
          1,
          1,
          null,
          null,
          1,
          1,
          null,
          null,
          null,
          null,
          null,
          1,
          3,
          null,
          1,
          0,
          null,
          null,
          1,
          0,
          null,
          null,
          null,
          null
        ]
      },
      "/Users/macintoshhd/Desktop/Work/Intern-Ruby-kindmate_clone/app/controllers/users_controller.rb": {
        "lines": [
          1,
          1,
          null,
          1,
          null,
          1,
          2,
          null,
          2,
          null,
          null,
          null,
          null,
          2,
          8,
          null,
          null,
          null,
          1,
          null,
          1,
          4,
          2,
          null,
          2,
          2,
          null,
          2,
          2,
          null,
          null,
          null,
          1,
          2,
          2,
          null,
          0,
          null,
          null,
          2,
          null,
          null,
          1,
          null,
          1,
          6,
          null,
          null,
          1,
          0,
          null,
          null
        ]
      },
      "/Users/macintoshhd/Desktop/Work/Intern-Ruby-kindmate_clone/spec/workers/campaign_status_worker_spec.rb": {
        "lines": [
          1,
          null,
          1,
          3,
          3,
          null,
          1,
          1,
          1,
          null,
          null,
          1,
          1,
          null,
          1,
          null,
          null,
          null
        ]
      },
      "/Users/macintoshhd/Desktop/Work/Intern-Ruby-kindmate_clone/app/workers/campaign_status_worker.rb": {
        "lines": [
          1,
          1,
          1,
          null,
          1,
          0,
          0,
          null,
          0,
          0,
          0,
          null,
          null,
          null
        ]
      },
      "/Users/macintoshhd/Desktop/Work/Intern-Ruby-kindmate_clone/app/models/classification.rb": {
        "lines": [
          1,
          1,
          1,
          null
        ]
      },
      "/Users/macintoshhd/Desktop/Work/Intern-Ruby-kindmate_clone/app/models/tag.rb": {
        "lines": [
          1,
          1,
          1,
          null,
          1,
          null
        ]
      },
      "/Users/macintoshhd/Desktop/Work/Intern-Ruby-kindmate_clone/app/models/ability.rb": {
        "lines": [
          null,
          null,
          1,
          1,
          null,
          1,
          33,
          33,
          6,
          null,
          33,
          33,
          null,
          33,
          null,
          22,
          0,
          0,
          null,
          null,
          22,
          null,
          null
        ]
      }
    },
    "timestamp": 1597246415
  }
}
